{
  "RSpec": {
    "coverage": {
      "/Users/anna/Documents/projects/bookmark-challenge/spec/bookmark_manager_spec.rb": [
        1,
        null,
        1,
        null,
        1,
        1,
        1,
        1,
        null,
        null,
        null,
        1,
        1,
        null,
        1,
        1,
        1,
        1,
        0,
        0,
        null,
        null,
        null,
        null
      ],
      "/Users/anna/Documents/projects/bookmark-challenge/spec/features/add_bookmark_spec.rb": [
        null,
        null,
        null,
        null,
        1,
        1,
        1,
        1,
        null,
        null,
        1,
        null,
        null,
        null
      ],
      "/Users/anna/Documents/projects/bookmark-challenge/spec/features/view_bookmarks_spec.rb": [
        null,
        null,
        null,
        null,
        1,
        1,
        1,
        1,
        null,
        null,
        1,
        1,
        1,
        1,
        1,
        null,
        null,
        1,
        1,
        1,
        1,
        1,
        null,
        null
      ]
    },
    "timestamp": 1560868074
  }
}
